path 1	any n/a	naive 1	minpath 1	fam0 6	fam-found 3	name PWY-5989
path 4	any n/a	naive 1	minpath 1	fam0 3	fam-found 1	name PWY0-901
path 5	any n/a	naive 1	minpath 0	fam0 4	fam-found 1	name PWY-6281
path 15	any n/a	naive 1	minpath 1	fam0 2	fam-found 1	name ARG+POLYAMINE-SYN
path 16	any n/a	naive 1	minpath 0	fam0 5	fam-found 2	name P101-PWY
path 18	any n/a	naive 1	minpath 0	fam0 6	fam-found 2	name PWY-6562
path 33	any n/a	naive 1	minpath 1	fam0 3	fam-found 2	name PWY-6895
path 34	any n/a	naive 1	minpath 1	fam0 3	fam-found 3	name THISYN-PWY
path 36	any n/a	naive 1	minpath 1	fam0 2	fam-found 1	name PWY-6890
path 37	any n/a	naive 1	minpath 1	fam0 2	fam-found 1	name PWY-6620
path 38	any n/a	naive 1	minpath 1	fam0 2	fam-found 1	name PWY-6599
path 47	any n/a	naive 1	minpath 1	fam0 6	fam-found 1	name PWY18C3-5
path 51	any n/a	naive 1	minpath 0	fam0 9	fam-found 2	name PWY-6973
path 53	any n/a	naive 1	minpath 0	fam0 6	fam-found 2	name PWY-7688
path 55	any n/a	naive 1	minpath 0	fam0 8	fam-found 2	name PWY-7104
path 56	any n/a	naive 1	minpath 1	fam0 4	fam-found 2	name PWY-7315
path 57	any n/a	naive 1	minpath 0	fam0 5	fam-found 2	name PWY-7318
path 58	any n/a	naive 1	minpath 0	fam0 5	fam-found 2	name PWY-6953
path 59	any n/a	naive 1	minpath 0	fam0 7	fam-found 2	name PWY-7657
path 60	any n/a	naive 1	minpath 0	fam0 7	fam-found 2	name PWY-6976
path 61	any n/a	naive 1	minpath 1	fam0 4	fam-found 2	name PWY-7312
path 62	any n/a	naive 1	minpath 0	fam0 5	fam-found 2	name PWY-7414
path 66	any n/a	naive 1	minpath 0	fam0 5	fam-found 2	name PWY-7902
path 67	any n/a	naive 1	minpath 1	fam0 2	fam-found 1	name GLUTATHIONESYN-PWY
path 69	any n/a	naive 1	minpath 0	fam0 6	fam-found 2	name PWY-6942
path 73	any n/a	naive 1	minpath 0	fam0 8	fam-found 2	name PWY-7440
path 74	any n/a	naive 1	minpath 1	fam0 2	fam-found 1	name THIOREDOX-PWY
path 75	any n/a	naive 1	minpath 0	fam0 7	fam-found 2	name PWY-6974
path 76	any n/a	naive 1	minpath 1	fam0 6	fam-found 3	name PWY-7814
path 77	any n/a	naive 1	minpath 1	fam0 5	fam-found 3	name PWY-7301
path 79	any n/a	naive 1	minpath 1	fam0 4	fam-found 2	name PWY-7316
path 80	any n/a	naive 1	minpath 1	fam0 3	fam-found 2	name PWY-4081
path 81	any n/a	naive 1	minpath 1	fam0 4	fam-found 2	name PWY-7413
path 82	any n/a	naive 1	minpath 1	fam0 4	fam-found 4	name DTDPRHAMSYN-PWY
path 90	any n/a	naive 1	minpath 1	fam0 5	fam-found 1	name PWY-7013
path 93	any n/a	naive 1	minpath 1	fam0 7	fam-found 2	name PWY-3661
path 96	any n/a	naive 1	minpath 1	fam0 7	fam-found 1	name PYRIDOXSYN-PWY
path 99	any n/a	naive 1	minpath 1	fam0 5	fam-found 3	name PLPSAL-PWY
path 101	any n/a	naive 1	minpath 1	fam0 7	fam-found 4	name ILEUSYN-PWY
path 102	any n/a	naive 1	minpath 1	fam0 7	fam-found 4	name PWY-5103
path 103	any n/a	naive 1	minpath 1	fam0 8	fam-found 4	name PWY-5101
path 104	any n/a	naive 1	minpath 0	fam0 3	fam-found 1	name PWY-5108
path 105	any n/a	naive 1	minpath 1	fam0 6	fam-found 4	name PWY-3001
path 106	any n/a	naive 1	minpath 1	fam0 6	fam-found 3	name PWY-5104
path 107	any n/a	naive 1	minpath 1	fam0 10	fam-found 1	name PWY-6289
path 117	any n/a	naive 1	minpath 1	fam0 9	fam-found 2	name ENTBACSYN-PWY
path 131	any n/a	naive 1	minpath 0	fam0 6	fam-found 1	name PWY-7085
path 133	any n/a	naive 1	minpath 1	fam0 5	fam-found 3	name PWY0-1477
path 134	any n/a	naive 1	minpath 0	fam0 3	fam-found 1	name GLCMANNANAUT-PWY
path 140	any n/a	naive 1	minpath 1	fam0 4	fam-found 1	name PWY-7731
path 160	any n/a	naive 1	minpath 1	fam0 2	fam-found 1	name PWY0-1576
path 165	any n/a	naive 1	minpath 1	fam0 2	fam-found 1	name PWY0-1336
path 171	any n/a	naive 1	minpath 0	fam0 4	fam-found 1	name PWY-6731
path 176	any n/a	naive 1	minpath 0	fam0 4	fam-found 1	name PWY-6737
path 182	any n/a	naive 1	minpath 1	fam0 2	fam-found 1	name PWY0-1582
path 184	any n/a	naive 1	minpath 1	fam0 5	fam-found 4	name PWY-7200
path 186	any n/a	naive 1	minpath 1	fam0 5	fam-found 4	name PWY-7199
path 187	any n/a	naive 1	minpath 1	fam0 2	fam-found 2	name PWY-7208
path 188	any n/a	naive 1	minpath 1	fam0 3	fam-found 2	name SERSYN-PWY
path 189	any n/a	naive 1	minpath 1	fam0 2	fam-found 1	name PWY-6556
path 190	any n/a	naive 1	minpath 1	fam0 2	fam-found 1	name PWY-7194
path 192	any n/a	naive 1	minpath 1	fam0 2	fam-found 2	name PWY-7205
path 193	any n/a	naive 1	minpath 1	fam0 3	fam-found 2	name PWY-7193
path 194	any n/a	naive 1	minpath 1	fam0 6	fam-found 4	name PWY-7196
path 195	any n/a	naive 1	minpath 0	fam0 3	fam-found 1	name PWY-5482
path 196	any n/a	naive 1	minpath 1	fam0 2	fam-found 1	name P142-PWY
path 197	any n/a	naive 1	minpath 1	fam0 4	fam-found 2	name PWY-5100
path 198	any n/a	naive 1	minpath 0	fam0 3	fam-found 1	name PWY-5485
path 201	any n/a	naive 1	minpath 0	fam0 3	fam-found 1	name P41-PWY
path 212	any n/a	naive 1	minpath 1	fam0 4	fam-found 2	name PANTOSYN-PWY
path 214	any n/a	naive 1	minpath 1	fam0 9	fam-found 7	name 1CMET2-PWY
path 215	any n/a	naive 1	minpath 1	fam0 4	fam-found 3	name PWY-2161
path 217	any n/a	naive 1	minpath 1	fam0 3	fam-found 2	name PWY-6612
path 218	any n/a	naive 1	minpath 1	fam0 2	fam-found 2	name PWY-6613
path 219	any n/a	naive 1	minpath 1	fam0 3	fam-found 3	name PWY-6614
path 220	any n/a	naive 1	minpath 1	fam0 5	fam-found 3	name PWY-6147
path 222	any n/a	naive 1	minpath 1	fam0 3	fam-found 2	name PWY-7852
path 223	any n/a	naive 1	minpath 1	fam0 5	fam-found 3	name PWY-7539
path 226	any n/a	naive 1	minpath 0	fam0 7	fam-found 2	name PWY-6797
path 227	any n/a	naive 1	minpath 0	fam0 4	fam-found 1	name PWY-7853
path 231	any n/a	naive 1	minpath 1	fam0 10	fam-found 2	name PWY0-1479
path 234	any n/a	naive 1	minpath 1	fam0 4	fam-found 1	name PWY-7285
path 235	any n/a	naive 1	minpath 0	fam0 3	fam-found 1	name QUINATEDEG-PWY
path 236	any n/a	naive 1	minpath 0	fam0 3	fam-found 1	name PWY-6416
path 239	any n/a	naive 1	minpath 1	fam0 4	fam-found 2	name PWY-6700
path 241	any n/a	naive 1	minpath 1	fam0 2	fam-found 2	name PWY0-1587
path 253	any n/a	naive 1	minpath 1	fam0 2	fam-found 1	name PWY-7589
path 256	any n/a	naive 1	minpath 0	fam0 4	fam-found 1	name PWY-7286
path 257	any n/a	naive 1	minpath 1	fam0 9	fam-found 6	name PWY-6282
path 272	any n/a	naive 1	minpath 0	fam0 3	fam-found 1	name IDNCAT-PWY
path 275	any n/a	naive 1	minpath 1	fam0 4	fam-found 1	name PWY-7242
path 277	any n/a	naive 1	minpath 1	fam0 8	fam-found 2	name KETOGLUCONMET-PWY
path 285	any n/a	naive 1	minpath 1	fam0 7	fam-found 2	name PWY-5837
path 290	any n/a	naive 1	minpath 1	fam0 2	fam-found 1	name PWY-6964
path 292	any n/a	naive 1	minpath 1	fam0 2	fam-found 2	name AMMASSIM-PWY
path 296	any n/a	naive 1	minpath 0	fam0 4	fam-found 1	name PWY490-3
path 298	any n/a	naive 1	minpath 0	fam0 4	fam-found 1	name PWY-5675
path 300	any n/a	naive 1	minpath 1	fam0 3	fam-found 1	name PWY0-1507
path 301	any n/a	naive 1	minpath 0	fam0 3	fam-found 1	name PWY-7380
path 302	any n/a	naive 1	minpath 0	fam0 5	fam-found 1	name PWY-5005
path 305	any n/a	naive 1	minpath 0	fam0 4	fam-found 1	name ARG-PRO-PWY
path 307	any n/a	naive 1	minpath 1	fam0 5	fam-found 4	name ARGSYN-PWY
path 308	any n/a	naive 1	minpath 1	fam0 9	fam-found 7	name PWY-5154
path 309	any n/a	naive 1	minpath 1	fam0 9	fam-found 9	name ARGSYNBSUB-PWY
path 310	any n/a	naive 1	minpath 1	fam0 10	fam-found 7	name PWY-7400
path 315	any n/a	naive 1	minpath 0	fam0 5	fam-found 1	name GALACTUROCAT-PWY
path 320	any n/a	naive 1	minpath 1	fam0 2	fam-found 1	name ARGDEGRAD-PWY
path 322	any n/a	naive 1	minpath 1	fam0 2	fam-found 2	name PWY-5910
path 323	any n/a	naive 1	minpath 0	fam0 7	fam-found 2	name ARGORNPROST-PWY
path 324	any n/a	naive 1	minpath 0	fam0 7	fam-found 1	name ARGDEG-PWY
path 326	any n/a	naive 1	minpath 1	fam0 6	fam-found 3	name PWY-7392
path 328	any n/a	naive 1	minpath 1	fam0 3	fam-found 1	name PWY-6308
path 329	any n/a	naive 1	minpath 1	fam0 5	fam-found 1	name PWY-5921
path 330	any n/a	naive 1	minpath 1	fam0 5	fam-found 1	name PWY490-4
path 332	any n/a	naive 1	minpath 1	fam0 2	fam-found 2	name PWY-5121
path 333	any n/a	naive 1	minpath 1	fam0 2	fam-found 1	name GLUTDEG-PWY
path 341	any n/a	naive 1	minpath 0	fam0 3	fam-found 1	name PWY-5523
path 343	any n/a	naive 1	minpath 0	fam0 12	fam-found 2	name P23-PWY
path 344	any n/a	naive 1	minpath 0	fam0 12	fam-found 1	name PWY-5392
path 345	any n/a	naive 1	minpath 0	fam0 7	fam-found 1	name P42-PWY
path 352	any n/a	naive 1	minpath 1	fam0 3	fam-found 1	name TYRSYN
path 354	any n/a	naive 1	minpath 0	fam0 7	fam-found 1	name P108-PWY
path 389	any n/a	naive 1	minpath 0	fam0 6	fam-found 1	name METH-ACETATE-PWY
path 397	any n/a	naive 1	minpath 1	fam0 4	fam-found 2	name PWY0-1264
path 400	any n/a	naive 1	minpath 0	fam0 7	fam-found 1	name PWY-7562
path 401	any n/a	naive 1	minpath 0	fam0 5	fam-found 2	name GLUCOSE1PMETAB-PWY
path 402	any n/a	naive 1	minpath 0	fam0 3	fam-found 1	name PWY-7180
path 403	any n/a	naive 1	minpath 1	fam0 11	fam-found 10	name PWY-6901
path 405	any n/a	naive 1	minpath 1	fam0 3	fam-found 2	name PWY-5480
path 406	any n/a	naive 1	minpath 1	fam0 3	fam-found 2	name PWY-5663
path 408	any n/a	naive 1	minpath 1	fam0 5	fam-found 3	name FASYN-ELONG-PWY
path 409	any n/a	naive 1	minpath 1	fam0 3	fam-found 2	name PWY-6587
path 410	any n/a	naive 1	minpath 1	fam0 3	fam-found 2	name PWY-6983
path 411	any n/a	naive 1	minpath 0	fam0 4	fam-found 1	name FASYN-INITIAL-PWY
path 412	any n/a	naive 1	minpath 1	fam0 3	fam-found 2	name PWY-4381
path 413	any n/a	naive 1	minpath 1	fam0 2	fam-found 1	name PWY-5486
path 415	any n/a	naive 1	minpath 1	fam0 4	fam-found 1	name PWY-7395
path 416	any n/a	naive 1	minpath 0	fam0 5	fam-found 1	name PWY-7077
path 420	any n/a	naive 1	minpath 1	fam0 2	fam-found 1	name RIBOKIN-PWY
path 422	any n/a	naive 1	minpath 1	fam0 12	fam-found 8	name PWY-6113
path 423	any n/a	naive 1	minpath 1	fam0 9	fam-found 7	name PWY-6285
path 429	any n/a	naive 1	minpath 1	fam0 7	fam-found 4	name PWY0-881
path 430	any n/a	naive 1	minpath 1	fam0 182	fam-found 14	name PWYG-321
path 438	any n/a	naive 1	minpath 0	fam0 4	fam-found 1	name DETOX1-PWY-1
path 441	any n/a	naive 1	minpath 0	fam0 3	fam-found 1	name METHIONINE-DEG1-PWY
path 445	any n/a	naive 1	minpath 1	fam0 4	fam-found 3	name PWY-6284
path 447	any n/a	naive 1	minpath 1	fam0 5	fam-found 4	name PWY-5973
path 448	any n/a	naive 1	minpath 1	fam0 4	fam-found 3	name PWY-7663
path 449	any n/a	naive 1	minpath 1	fam0 6	fam-found 3	name PWY-7858
path 450	any n/a	naive 1	minpath 1	fam0 6	fam-found 4	name PWY0-862
path 455	any n/a	naive 1	minpath 0	fam0 3	fam-found 1	name PWY-5899
path 456	any n/a	naive 1	minpath 1	fam0 2	fam-found 2	name PWY-5839
path 457	any n/a	naive 1	minpath 1	fam0 4	fam-found 2	name PWY-5845
path 458	any n/a	naive 1	minpath 1	fam0 2	fam-found 1	name SALVPURINE2-PWY
path 459	any n/a	naive 1	minpath 1	fam0 2	fam-found 2	name PWY-5890
path 460	any n/a	naive 1	minpath 1	fam0 2	fam-found 2	name PWY-5895
path 461	any n/a	naive 1	minpath 0	fam0 6	fam-found 2	name PWY-7224
path 462	any n/a	naive 1	minpath 0	fam0 3	fam-found 1	name PWY-5898
path 463	any n/a	naive 1	minpath 1	fam0 2	fam-found 1	name PWY-6605
path 464	any n/a	naive 1	minpath 1	fam0 4	fam-found 2	name PWY-5838
path 465	any n/a	naive 1	minpath 0	fam0 3	fam-found 1	name PWY-6611
path 466	any n/a	naive 1	minpath 0	fam0 4	fam-found 1	name PWY-7992
path 467	any n/a	naive 1	minpath 1	fam0 2	fam-found 1	name P121-PWY
path 468	any n/a	naive 1	minpath 1	fam0 3	fam-found 2	name PWY-6610
path 469	any n/a	naive 1	minpath 1	fam0 4	fam-found 2	name PWY-5850
path 470	any n/a	naive 1	minpath 1	fam0 4	fam-found 2	name PWY-6609
path 471	any n/a	naive 1	minpath 1	fam0 2	fam-found 2	name PWY-5892
path 472	any n/a	naive 1	minpath 0	fam0 3	fam-found 1	name PWY-5897
path 473	any n/a	naive 1	minpath 1	fam0 7	fam-found 2	name PWY-6263
path 474	any n/a	naive 1	minpath 1	fam0 3	fam-found 2	name PWY-5840
path 475	any n/a	naive 1	minpath 1	fam0 2	fam-found 2	name PWY-5891
path 476	any n/a	naive 1	minpath 0	fam0 3	fam-found 1	name PWY-5896
path 477	any n/a	naive 1	minpath 1	fam0 5	fam-found 4	name GLUTORN-PWY
path 482	any n/a	naive 1	minpath 1	fam0 3	fam-found 3	name PWY-7176
path 483	any n/a	naive 1	minpath 1	fam0 2	fam-found 2	name PWY0-162
path 486	any n/a	naive 1	minpath 1	fam0 5	fam-found 4	name PWY-6125
path 487	any n/a	naive 1	minpath 1	fam0 5	fam-found 3	name PWY-7229
path 488	any n/a	naive 1	minpath 1	fam0 5	fam-found 5	name DENOVOPURINE2-PWY
path 489	any n/a	naive 1	minpath 1	fam0 2	fam-found 2	name PWY-7228
path 491	any n/a	naive 1	minpath 1	fam0 5	fam-found 3	name PWY-6126
path 492	any n/a	naive 1	minpath 1	fam0 9	fam-found 8	name PWY-841
path 496	any n/a	naive 1	minpath 1	fam0 2	fam-found 2	name PWY-7227
path 497	any n/a	naive 1	minpath 1	fam0 4	fam-found 3	name PWY-7220
path 514	any n/a	naive 1	minpath 0	fam0 4	fam-found 1	name PWY-5695
path 516	any n/a	naive 1	minpath 1	fam0 4	fam-found 1	name PWY-7179
path 519	any n/a	naive 1	minpath 0	fam0 6	fam-found 1	name PWY0-1296
path 523	any n/a	naive 1	minpath 0	fam0 5	fam-found 1	name SALVADEHYPOX-PWY
path 529	any n/a	naive 1	minpath 0	fam0 7	fam-found 1	name PWY-7528
path 530	any n/a	naive 1	minpath 0	fam0 6	fam-found 1	name PWY-7527
path 531	any n/a	naive 1	minpath 1	fam0 6	fam-found 2	name LEUSYN-PWY
path 532	any n/a	naive 1	minpath 0	fam0 11	fam-found 3	name PWY-6146
path 533	any n/a	naive 1	minpath 1	fam0 7	fam-found 4	name PWY-7187
path 536	any n/a	naive 1	minpath 1	fam0 14	fam-found 10	name PWY0-166
path 538	any n/a	naive 1	minpath 1	fam0 5	fam-found 4	name PWY-7211
path 540	any n/a	naive 1	minpath 0	fam0 3	fam-found 1	name PWY-5901
path 543	any n/a	naive 1	minpath 1	fam0 3	fam-found 2	name HSERMETANA-PWY
path 545	any n/a	naive 1	minpath 1	fam0 4	fam-found 3	name PWY-5347
path 546	any n/a	naive 1	minpath 0	fam0 3	fam-found 1	name PWY-6707
path 547	any n/a	naive 1	minpath 1	fam0 7	fam-found 3	name HOMOSER-METSYN-PWY
path 548	any n/a	naive 1	minpath 1	fam0 8	fam-found 4	name PWY-5345
path 549	any n/a	naive 1	minpath 1	fam0 4	fam-found 2	name PWY-7977
path 550	any n/a	naive 1	minpath 1	fam0 2	fam-found 2	name METSYN-PWY
path 551	any n/a	naive 1	minpath 0	fam0 4	fam-found 1	name PWY-7303
path 552	any n/a	naive 1	minpath 1	fam0 2	fam-found 2	name PWY-6164
path 554	any n/a	naive 1	minpath 0	fam0 7	fam-found 2	name PWY-6160
path 570	any n/a	naive 1	minpath 0	fam0 3	fam-found 1	name PWY-5862
path 573	any n/a	naive 1	minpath 0	fam0 3	fam-found 1	name PWY-5860
path 581	any n/a	naive 1	minpath 0	fam0 3	fam-found 1	name PWY-5861
path 582	any n/a	naive 1	minpath 1	fam0 2	fam-found 1	name PWY-6012
path 583	any n/a	naive 1	minpath 1	fam0 14	fam-found 2	name PWY-6148
path 584	any n/a	naive 1	minpath 0	fam0 5	fam-found 1	name PWY-7767
path 586	any n/a	naive 1	minpath 0	fam0 6	fam-found 1	name LEU-DEG2-PWY
path 589	any n/a	naive 1	minpath 1	fam0 10	fam-found 2	name PWY-7250
path 596	any n/a	naive 1	minpath 0	fam0 4	fam-found 1	name PWY0-1433
path 600	any n/a	naive 1	minpath 1	fam0 4	fam-found 1	name PWY-7174
path 602	any n/a	naive 1	minpath 1	fam0 5	fam-found 4	name NONOXIPENT-PWY
path 606	any n/a	naive 1	minpath 1	fam0 3	fam-found 3	name PENTOSE-P-PWY
path 607	any n/a	naive 1	minpath 1	fam0 3	fam-found 3	name P21-PWY
path 611	any n/a	naive 1	minpath 1	fam0 3	fam-found 3	name OXIDATIVEPENT-PWY
path 614	any n/a	naive 1	minpath 0	fam0 3	fam-found 1	name PWY-7181
path 620	any n/a	naive 1	minpath 1	fam0 7	fam-found 5	name PWY-7198
path 625	any n/a	naive 1	minpath 1	fam0 4	fam-found 4	name PWY-7197
path 626	any n/a	naive 1	minpath 1	fam0 2	fam-found 1	name PWY0-1295
path 627	any n/a	naive 1	minpath 1	fam0 8	fam-found 5	name PWY-7210
path 630	any n/a	naive 1	minpath 1	fam0 9	fam-found 8	name PWY-7184
path 631	any n/a	naive 1	minpath 1	fam0 9	fam-found 7	name PWY-6545
path 633	any n/a	naive 1	minpath 1	fam0 2	fam-found 1	name PWY-2301
path 634	any n/a	naive 1	minpath 1	fam0 9	fam-found 5	name PWY-2941
path 635	any n/a	naive 1	minpath 1	fam0 7	fam-found 5	name PWY-5097
path 637	any n/a	naive 1	minpath 1	fam0 9	fam-found 7	name DAPLYSINESYN-PWY
path 638	any n/a	naive 1	minpath 1	fam0 7	fam-found 5	name PWY-2942
path 661	any n/a	naive 1	minpath 1	fam0 3	fam-found 1	name LACTOSEUTIL-PWY
path 668	any n/a	naive 1	minpath 0	fam0 5	fam-found 1	name PWY-4722
path 670	any n/a	naive 1	minpath 0	fam0 4	fam-found 1	name CRNFORCAT-PWY
path 671	any n/a	naive 1	minpath 1	fam0 9	fam-found 6	name PWY-5265
path 672	any n/a	naive 1	minpath 1	fam0 3	fam-found 3	name PEPTIDOGLYCANSYN-PWY
path 673	any n/a	naive 1	minpath 1	fam0 7	fam-found 3	name PWY-6385
path 674	any n/a	naive 1	minpath 1	fam0 12	fam-found 3	name PWY0-1586
path 675	any n/a	naive 1	minpath 1	fam0 8	fam-found 6	name PWY-7003
path 676	any n/a	naive 1	minpath 1	fam0 8	fam-found 2	name PWY-7396
path 679	any n/a	naive 1	minpath 0	fam0 8	fam-found 3	name PWY-6886
path 680	any n/a	naive 1	minpath 0	fam0 9	fam-found 2	name PWY-7385
path 685	any n/a	naive 1	minpath 0	fam0 17	fam-found 1	name P164-PWY
path 686	any n/a	naive 1	minpath 0	fam0 24	fam-found 4	name PWY-5497
path 689	any n/a	naive 1	minpath 0	fam0 16	fam-found 7	name FERMENTATION-PWY
path 690	any n/a	naive 1	minpath 1	fam0 2	fam-found 2	name PWY-6537
path 692	any n/a	naive 1	minpath 0	fam0 4	fam-found 1	name PROPFERM-PWY
path 693	any n/a	naive 1	minpath 1	fam0 2	fam-found 2	name PWY-6536
path 694	any n/a	naive 1	minpath 1	fam0 2	fam-found 1	name PWY0-1312
path 695	any n/a	naive 1	minpath 1	fam0 2	fam-found 1	name PWY-6535
path 696	any n/a	naive 1	minpath 1	fam0 5	fam-found 3	name P161-PWY
path 697	any n/a	naive 1	minpath 1	fam0 19	fam-found 10	name P461-PWY
path 698	any n/a	naive 1	minpath 1	fam0 15	fam-found 11	name P124-PWY
path 699	any n/a	naive 1	minpath 0	fam0 10	fam-found 1	name P163-PWY
path 703	any n/a	naive 1	minpath 1	fam0 6	fam-found 3	name PWY-I9
path 704	any n/a	naive 1	minpath 1	fam0 2	fam-found 2	name CYSTSYN-PWY
path 705	any n/a	naive 1	minpath 0	fam0 4	fam-found 1	name PWY-7870
path 706	any n/a	naive 1	minpath 1	fam0 3	fam-found 2	name PWY-8010
path 711	any n/a	naive 1	minpath 1	fam0 6	fam-found 4	name PPGPPMET-PWY
path 716	any n/a	naive 1	minpath 1	fam0 5	fam-found 4	name PWY-7111
path 722	any n/a	naive 1	minpath 1	fam0 3	fam-found 2	name PWY-5938
path 724	any n/a	naive 1	minpath 1	fam0 3	fam-found 2	name PWY-6389
path 725	any n/a	naive 1	minpath 1	fam0 2	fam-found 1	name PWY-5939
path 737	any n/a	naive 1	minpath 0	fam0 7	fam-found 1	name PWY-5022
path 747	any n/a	naive 1	minpath 1	fam0 3	fam-found 2	name PWY-1722
path 748	any n/a	naive 1	minpath 1	fam0 2	fam-found 2	name PWYQT-4429
path 751	any n/a	naive 1	minpath 0	fam0 18	fam-found 2	name PWY-5789
path 752	any n/a	naive 1	minpath 0	fam0 9	fam-found 3	name CODH-PWY
path 753	any n/a	naive 1	minpath 0	fam0 13	fam-found 2	name PWY-5743
path 763	any n/a	naive 1	minpath 1	fam0 13	fam-found 1	name PWY-3162
path 767	any n/a	naive 1	minpath 0	fam0 5	fam-found 1	name PWY-6153
path 769	any n/a	naive 1	minpath 1	fam0 2	fam-found 1	name PWY-6899
path 770	any n/a	naive 1	minpath 0	fam0 6	fam-found 1	name PWY-6154
path 771	any n/a	naive 1	minpath 1	fam0 7	fam-found 6	name PWY-7356
path 772	any n/a	naive 1	minpath 1	fam0 2	fam-found 2	name PWY-6910
path 787	any n/a	naive 1	minpath 0	fam0 7	fam-found 1	name PWY-6892
path 788	any n/a	naive 1	minpath 0	fam0 7	fam-found 1	name PWY-6891
path 799	any n/a	naive 1	minpath 0	fam0 3	fam-found 1	name PWY-5668
path 802	any n/a	naive 1	minpath 0	fam0 3	fam-found 1	name PWY0-1545
path 806	any n/a	naive 1	minpath 1	fam0 2	fam-found 1	name PWY-6628
path 815	any n/a	naive 1	minpath 0	fam0 18	fam-found 1	name PWY-5940
path 821	any n/a	naive 1	minpath 1	fam0 25	fam-found 1	name PWY-6322
path 829	any n/a	naive 1	minpath 1	fam0 9	fam-found 1	name PWY-6679
path 845	any n/a	naive 1	minpath 0	fam0 6	fam-found 1	name PWY-6986
path 854	any n/a	naive 1	minpath 0	fam0 6	fam-found 1	name PWY-7274
path 882	any n/a	naive 1	minpath 0	fam0 25	fam-found 1	name PWY-7769
path 889	any n/a	naive 1	minpath 0	fam0 7	fam-found 1	name PWY-7863
path 891	any n/a	naive 1	minpath 0	fam0 26	fam-found 1	name PWY-8012
path 901	any n/a	naive 1	minpath 0	fam0 3	fam-found 1	name ACETATEUTIL-PWY
path 903	any n/a	naive 1	minpath 0	fam0 8	fam-found 3	name P441-PWY
path 907	any n/a	naive 1	minpath 0	fam0 3	fam-found 1	name PWY-5162
path 918	any n/a	naive 1	minpath 0	fam0 5	fam-found 1	name PWY-6383
path 920	any n/a	naive 1	minpath 1	fam0 3	fam-found 2	name POLYISOPRENSYN-PWY
path 922	any n/a	naive 1	minpath 1	fam0 2	fam-found 2	name PWY-5785
path 925	any n/a	naive 1	minpath 1	fam0 3	fam-found 3	name PYRUVDEHYD-PWY
path 927	any n/a	naive 1	minpath 1	fam0 3	fam-found 2	name PWY-5123
path 929	any n/a	naive 1	minpath 1	fam0 2	fam-found 2	name PWY-7343
path 940	any n/a	naive 1	minpath 1	fam0 4	fam-found 4	name COA-PWY
path 941	any n/a	naive 1	minpath 1	fam0 6	fam-found 2	name PWY-8013
path 943	any n/a	naive 1	minpath 1	fam0 3	fam-found 1	name PWY-5698
path 954	any n/a	naive 1	minpath 1	fam0 4	fam-found 2	name SULFATE-CYS-PWY
path 966	any n/a	naive 1	minpath 1	fam0 8	fam-found 2	name VALDEG-PWY
path 967	any n/a	naive 1	minpath 1	fam0 3	fam-found 2	name PWY-5057
path 968	any n/a	naive 1	minpath 0	fam0 5	fam-found 1	name PWY-6661
path 970	any n/a	naive 1	minpath 1	fam0 4	fam-found 2	name PWY-6703
path 971	any n/a	naive 1	minpath 0	fam0 9	fam-found 2	name PWY-6808
path 972	any n/a	naive 1	minpath 0	fam0 17	fam-found 1	name PWY-6397
path 973	any n/a	naive 1	minpath 1	fam0 7	fam-found 3	name PWY-6404
path 975	any n/a	naive 1	minpath 0	fam0 3	fam-found 1	name PWY-6454
path 980	any n/a	naive 1	minpath 1	fam0 8	fam-found 6	name PWY-7953
path 981	any n/a	naive 1	minpath 1	fam0 9	fam-found 8	name RIBOSYN2-PWY
path 983	any n/a	naive 1	minpath 0	fam0 10	fam-found 4	name PWY-6167
path 988	any n/a	naive 1	minpath 1	fam0 8	fam-found 8	name PWY-6387
path 989	any n/a	naive 1	minpath 1	fam0 8	fam-found 7	name PWY-6386
path 998	any n/a	naive 1	minpath 0	fam0 7	fam-found 1	name PWY-7165
path 1000	any n/a	naive 1	minpath 0	fam0 7	fam-found 3	name PWY-7991
path 1001	any n/a	naive 1	minpath 0	fam0 8	fam-found 2	name PWY-7153
path 1006	any n/a	naive 1	minpath 0	fam0 8	fam-found 3	name PWY-7218
path 1016	any n/a	naive 1	minpath 1	fam0 2	fam-found 1	name PWY-4621
path 1021	any n/a	naive 1	minpath 0	fam0 3	fam-found 1	name CYANCAT-PWY
path 1024	any n/a	naive 1	minpath 1	fam0 4	fam-found 1	name PWY-6502
path 1028	any n/a	naive 1	minpath 1	fam0 2	fam-found 1	name PWY-1281
path 1033	any n/a	naive 1	minpath 0	fam0 13	fam-found 2	name PWY-5744
path 1038	any n/a	naive 1	minpath 1	fam0 5	fam-found 3	name PWY-6151
path 1039	any n/a	naive 1	minpath 1	fam0 4	fam-found 2	name PWY-5041
path 1045	any n/a	naive 1	minpath 0	fam0 6	fam-found 1	name PWY-7596
path 1046	any n/a	naive 1	minpath 1	fam0 3	fam-found 2	name PWY-7587
path 1047	any n/a	naive 1	minpath 1	fam0 18	fam-found 16	name P122-PWY
path 1048	any n/a	naive 1	minpath 1	fam0 5	fam-found 4	name ANAEROFRUCAT-PWY
path 1049	any n/a	naive 1	minpath 0	fam0 3	fam-found 1	name PWY-5530
path 1050	any n/a	naive 1	minpath 1	fam0 14	fam-found 10	name PWY-7664
path 1051	any n/a	naive 1	minpath 0	fam0 4	fam-found 1	name PWY-6637
path 1058	any n/a	naive 1	minpath 0	fam0 4	fam-found 1	name UBISYN-PWY
path 1062	any n/a	naive 1	minpath 1	fam0 4	fam-found 3	name PWY-6897
path 1069	any n/a	naive 1	minpath 1	fam0 7	fam-found 4	name PRPP-PWY
path 1070	any n/a	naive 1	minpath 0	fam0 12	fam-found 5	name PWY-2201
path 1071	any n/a	naive 1	minpath 1	fam0 2	fam-found 1	name PWY-6630
path 1074	any n/a	naive 1	minpath 0	fam0 13	fam-found 4	name PWY-1622
path 1076	any n/a	naive 1	minpath 0	fam0 9	fam-found 4	name PWY-1861
path 1080	any n/a	naive 1	minpath 1	fam0 4	fam-found 2	name PWY-7909
path 1084	any n/a	naive 1	minpath 1	fam0 4	fam-found 2	name PWY-7317
path 1085	any n/a	naive 1	minpath 1	fam0 7	fam-found 4	name ALL-CHORISMATE-PWY
path 1086	any n/a	naive 1	minpath 0	fam0 10	fam-found 1	name PWY-7332
path 1087	any n/a	naive 1	minpath 1	fam0 9	fam-found 5	name SUCSYN-PWY
path 1089	any n/a	naive 1	minpath 1	fam0 2	fam-found 2	name PWY-6629
path 1091	any n/a	naive 1	minpath 1	fam0 2	fam-found 1	name PWY-7622
path 1092	any n/a	naive 1	minpath 1	fam0 4	fam-found 3	name THRESYN-PWY
path 1094	any n/a	naive 1	minpath 1	fam0 6	fam-found 3	name PWY0-781
path 1097	any n/a	naive 1	minpath 0	fam0 5	fam-found 2	name PWY-7328
path 1098	any n/a	naive 1	minpath 1	fam0 2	fam-found 1	name PWY-5344
path 1100	any n/a	naive 1	minpath 1	fam0 5	fam-found 2	name PWY-6395
path 1103	any n/a	naive 1	minpath 1	fam0 3	fam-found 3	name HOMOSERSYN-PWY
path 1107	any n/a	naive 1	minpath 1	fam0 3	fam-found 2	name MET-SAM-PWY
path 1110	any n/a	naive 1	minpath 0	fam0 8	fam-found 1	name 3-HYDROXYPHENYLACETATE-DEGRADATION-PWY
path 1113	any n/a	naive 1	minpath 0	fam0 3	fam-found 1	name CITRULLINE-DEG-PWY
path 1116	any n/a	naive 1	minpath 0	fam0 9	fam-found 1	name PWY-6344
path 1117	any n/a	naive 1	minpath 0	fam0 3	fam-found 1	name SUCUTIL-PWY
path 1118	any n/a	naive 1	minpath 1	fam0 4	fam-found 3	name PWY-621
path 1119	any n/a	naive 1	minpath 1	fam0 4	fam-found 4	name PWY-5384
path 1120	any n/a	naive 1	minpath 0	fam0 4	fam-found 1	name SUCROSEUTIL2-PWY
path 1121	any n/a	naive 1	minpath 1	fam0 5	fam-found 4	name PWY-3801
path 1147	any n/a	naive 1	minpath 0	fam0 13	fam-found 1	name PWY-7698
path 1164	any n/a	naive 1	minpath 1	fam0 5	fam-found 5	name PWY-6317
path 1181	any n/a	naive 1	minpath 0	fam0 11	fam-found 1	name P3-PWY
path 1185	any n/a	naive 1	minpath 0	fam0 4	fam-found 1	name PWY-5659
path 1193	any n/a	naive 1	minpath 1	fam0 3	fam-found 2	name PWY-5661
path 1204	any n/a	naive 1	minpath 1	fam0 3	fam-found 1	name NADPHOS-DEPHOS-PWY
path 1205	any n/a	naive 1	minpath 1	fam0 2	fam-found 1	name NADPHOS-DEPHOS-PWY-1
path 1209	any n/a	naive 1	minpath 1	fam0 6	fam-found 2	name PYRIDNUCSYN-PWY
path 1210	any n/a	naive 1	minpath 1	fam0 2	fam-found 1	name PWY-6406
path 1212	any n/a	naive 1	minpath 0	fam0 4	fam-found 1	name PWY-7761
path 1213	any n/a	naive 1	minpath 1	fam0 6	fam-found 2	name PYRIDNUCSAL-PWY
path 1214	any n/a	naive 1	minpath 1	fam0 2	fam-found 1	name NAD-BIOSYNTHESIS-III
path 1215	any n/a	naive 1	minpath 0	fam0 4	fam-found 1	name PWY-5653
path 1221	any n/a	naive 1	minpath 1	fam0 9	fam-found 6	name PWY-6471
path 1223	any n/a	naive 1	minpath 1	fam0 10	fam-found 5	name PWY-6470
path 1224	any n/a	naive 1	minpath 1	fam0 2	fam-found 1	name PWY-7096
path 1226	any n/a	naive 1	minpath 1	fam0 4	fam-found 2	name PWY-7347
path 1227	any n/a	naive 1	minpath 1	fam0 4	fam-found 2	name PWY-6559
path 1232	any n/a	naive 1	minpath 1	fam0 12	fam-found 7	name PWY0-1261
path 1233	any n/a	naive 1	minpath 0	fam0 8	fam-found 1	name PWY-7883
path 1235	any n/a	naive 1	minpath 1	fam0 5	fam-found 3	name PWY-4984
path 1250	any n/a	naive 1	minpath 0	fam0 5	fam-found 2	name PHOSLIPSYN-PWY
path 1254	any n/a	naive 1	minpath 1	fam0 4	fam-found 4	name PWY-5667
path 1255	any n/a	naive 1	minpath 1	fam0 4	fam-found 4	name PWY0-1319
path 1256	any n/a	naive 1	minpath 1	fam0 5	fam-found 3	name PWY-5981
path 1263	any n/a	naive 1	minpath 1	fam0 5	fam-found 2	name PWY-1269
path 1268	any n/a	naive 1	minpath 0	fam0 7	fam-found 2	name PWY-7674
path 1270	any n/a	naive 1	minpath 0	fam0 10	fam-found 2	name PWY-6749
path 1280	any n/a	naive 1	minpath 1	fam0 31	fam-found 21	name PWY-5971
path 1282	any n/a	naive 1	minpath 1	fam0 9	fam-found 2	name PWY-181
path 1283	any n/a	naive 1	minpath 0	fam0 11	fam-found 1	name PWY-6993
path 1284	any n/a	naive 1	minpath 0	fam0 17	fam-found 2	name P181-PWY
path 1290	any n/a	naive 1	minpath 1	fam0 3	fam-found 2	name PWY4FS-8
path 1291	any n/a	naive 1	minpath 1	fam0 3	fam-found 2	name PWY4FS-7
path 1292	any n/a	naive 1	minpath 0	fam0 4	fam-found 1	name PWY-6654
path 1293	any n/a	naive 1	minpath 1	fam0 4	fam-found 2	name PANTO-PWY
path 1294	any n/a	naive 1	minpath 0	fam0 3	fam-found 1	name PWY-2722
path 1295	any n/a	naive 1	minpath 1	fam0 2	fam-found 1	name PWY0-1466
path 1298	any n/a	naive 1	minpath 1	fam0 2	fam-found 1	name PWY0-1182
path 1299	any n/a	naive 1	minpath 1	fam0 2	fam-found 1	name TREDEGLOW-PWY
path 1301	any n/a	naive 1	minpath 1	fam0 6	fam-found 5	name PWY-7790
path 1303	any n/a	naive 1	minpath 0	fam0 8	fam-found 1	name PWY-6906
path 1304	any n/a	naive 1	minpath 1	fam0 6	fam-found 5	name PWY-5686
path 1307	any n/a	naive 1	minpath 1	fam0 6	fam-found 6	name PWY-7791
path 1313	any n/a	naive 1	minpath 0	fam0 11	fam-found 1	name P105-PWY
path 1317	any n/a	naive 1	minpath 0	fam0 9	fam-found 1	name REDCITCYC
path 1318	any n/a	naive 1	minpath 1	fam0 11	fam-found 2	name PWY-5913
path 1327	any n/a	naive 1	minpath 1	fam0 16	fam-found 4	name PWY-7817
path 1333	any n/a	naive 1	minpath 0	fam0 8	fam-found 1	name PWY-5529
path 1340	any n/a	naive 1	minpath 0	fam0 9	fam-found 1	name PWY-7159
path 1341	any n/a	naive 1	minpath 0	fam0 9	fam-found 1	name PWY-5531
path 1342	any n/a	naive 1	minpath 0	fam0 9	fam-found 1	name CHLOROPHYLL-SYN
path 1360	any n/a	naive 1	minpath 0	fam0 5	fam-found 1	name PWY-7185
path 1362	any n/a	naive 1	minpath 0	fam0 3	fam-found 1	name PWY-7177
path 1365	any n/a	naive 1	minpath 1	fam0 2	fam-found 1	name PWY-6894
path 1366	any n/a	naive 1	minpath 1	fam0 2	fam-found 1	name PWY-6893
path 1367	any n/a	naive 1	minpath 1	fam0 2	fam-found 2	name ARO-PWY
path 1368	any n/a	naive 1	minpath 1	fam0 2	fam-found 1	name PWY-6165
path 1369	any n/a	naive 1	minpath 1	fam0 6	fam-found 5	name PWY-6163
path 1370	any n/a	naive 1	minpath 1	fam0 3	fam-found 2	name PWY-6907
path 1372	any n/a	naive 1	minpath 0	fam0 9	fam-found 3	name PWY-7124
path 1374	any n/a	naive 1	minpath 1	fam0 2	fam-found 2	name ETOH-ACETYLCOA-ANA-PWY
path 1376	any n/a	naive 1	minpath 0	fam0 3	fam-found 1	name PWY66-21
path 1379	any n/a	naive 1	minpath 1	fam0 4	fam-found 3	name PROSYN-PWY
path 1389	any n/a	naive 1	minpath 0	fam0 6	fam-found 1	name HEXITOLDEGSUPER-PWY
path 1390	any n/a	naive 1	minpath 0	fam0 3	fam-found 1	name PWY-4101
path 1394	any n/a	naive 1	minpath 0	fam0 7	fam-found 1	name PWY-7255
path 1409	any n/a	naive 1	minpath 0	fam0 5	fam-found 1	name PWY-6507
path 1413	any n/a	naive 1	minpath 1	fam0 8	fam-found 2	name PWY-7805
path 1416	any n/a	naive 1	minpath 0	fam0 3	fam-found 1	name PHOSPHONOTASE-PWY
path 1429	any n/a	naive 1	minpath 0	fam0 9	fam-found 4	name PWY-2221
path 1430	any n/a	naive 1	minpath 0	fam0 9	fam-found 2	name NPGLUCAT-PWY
path 1434	any n/a	naive 1	minpath 1	fam0 9	fam-found 7	name PWY-8004
path 1441	any n/a	naive 1	minpath 1	fam0 8	fam-found 1	name PWY-5857
path 1449	any n/a	naive 1	minpath 1	fam0 8	fam-found 1	name PWY-5856
path 1450	any n/a	naive 1	minpath 0	fam0 5	fam-found 2	name COLANSYN-PWY
path 1451	any n/a	naive 1	minpath 1	fam0 8	fam-found 1	name PWY-6708
path 1453	any n/a	naive 1	minpath 1	fam0 8	fam-found 1	name PWY-5855
path 1454	any n/a	naive 1	minpath 1	fam0 3	fam-found 1	name PWY-3641
path 1459	any n/a	naive 1	minpath 1	fam0 13	fam-found 6	name CALVIN-PWY
path 1476	any n/a	naive 1	minpath 1	fam0 4	fam-found 2	name HEME-BIOSYNTHESIS-II
path 1477	any n/a	naive 1	minpath 1	fam0 2	fam-found 1	name PWY-5920
path 1478	any n/a	naive 1	minpath 1	fam0 4	fam-found 2	name PWY0-1415
path 1479	any n/a	naive 1	minpath 1	fam0 2	fam-found 1	name PWY-5918
path 1480	any n/a	naive 1	minpath 0	fam0 5	fam-found 1	name PWY-7766
path 1481	any n/a	naive 1	minpath 1	fam0 4	fam-found 2	name HEMESYN2-PWY
path 1487	any n/a	naive 1	minpath 1	fam0 2	fam-found 1	name GLUAMCAT-PWY
path 1488	any n/a	naive 1	minpath 1	fam0 2	fam-found 1	name PWY-6517
path 1489	any n/a	naive 1	minpath 0	fam0 6	fam-found 1	name PWY-5863
path 1492	any n/a	naive 1	minpath 1	fam0 5	fam-found 3	name GLYCOLYSIS-E-D
path 1493	any n/a	naive 1	minpath 0	fam0 3	fam-found 1	name GLYCOLYSIS-TCA-GLYOX-BYPASS
path 1500	any n/a	naive 1	minpath 1	fam0 7	fam-found 2	name PWY-6871
path 1505	any n/a	naive 1	minpath 0	fam0 5	fam-found 1	name PWY-6992
path 1507	any n/a	naive 1	minpath 0	fam0 6	fam-found 2	name PWY-7102
path 1511	any n/a	naive 1	minpath 1	fam0 2	fam-found 1	name PWY-6952
path 1513	any n/a	naive 1	minpath 1	fam0 6	fam-found 4	name RUMP-PWY
path 1516	any n/a	naive 1	minpath 1	fam0 3	fam-found 1	name GLYCLEAV-PWY
path 1517	any n/a	naive 1	minpath 1	fam0 3	fam-found 1	name PWY-5084
path 1518	any n/a	naive 1	minpath 1	fam0 3	fam-found 1	name PWY-5046
path 1521	any n/a	naive 1	minpath 0	fam0 10	fam-found 2	name PWY-622
path 1524	any n/a	naive 1	minpath 0	fam0 4	fam-found 1	name GLYCOGENSYNTH-PWY
path 1526	any n/a	naive 1	minpath 0	fam0 8	fam-found 1	name PWY-7900
path 1527	any n/a	naive 1	minpath 1	fam0 4	fam-found 1	name PWY-5303
path 1533	any n/a	naive 1	minpath 1	fam0 10	fam-found 5	name P341-PWY
path 1535	any n/a	naive 1	minpath 1	fam0 12	fam-found 8	name GLYCOLYSIS
path 1537	any n/a	naive 1	minpath 1	fam0 11	fam-found 7	name PWY-5484
path 1539	any n/a	naive 1	minpath 1	fam0 11	fam-found 9	name ANAGLYCOLYSIS-PWY
path 1543	any n/a	naive 1	minpath 1	fam0 2	fam-found 1	name PWY-5436
path 1545	any n/a	naive 1	minpath 1	fam0 5	fam-found 4	name PWY-6277
path 1546	any n/a	naive 1	minpath 1	fam0 5	fam-found 4	name PWY-6122
path 1547	any n/a	naive 1	minpath 1	fam0 5	fam-found 5	name PWY-6121
path 1550	any n/a	naive 1	minpath 1	fam0 5	fam-found 5	name UDPNAGSYN-PWY
path 1551	any n/a	naive 1	minpath 1	fam0 6	fam-found 4	name TRPSYN-PWY
path 1552	any n/a	naive 1	minpath 1	fam0 3	fam-found 2	name P125-PWY
path 1554	any n/a	naive 1	minpath 1	fam0 9	fam-found 5	name PWY-6396
path 1556	any n/a	naive 1	minpath 1	fam0 2	fam-found 1	name ALADEG-PWY
path 1558	any n/a	naive 1	minpath 0	fam0 3	fam-found 1	name ALACAT2-PWY
path 1562	any n/a	naive 1	minpath 1	fam0 11	fam-found 6	name PWY-6519
path 1563	any n/a	naive 1	minpath 1	fam0 2	fam-found 2	name PWY-7226
path 1565	any n/a	naive 1	minpath 1	fam0 4	fam-found 3	name PWY-7222
path 1567	any n/a	naive 1	minpath 0	fam0 4	fam-found 1	name ASPASN-PWY
path 1568	any n/a	naive 1	minpath 1	fam0 2	fam-found 2	name BRANCHED-CHAIN-AA-SYN-PWY
path 1569	any n/a	naive 1	minpath 1	fam0 3	fam-found 2	name COMPLETE-ARO-PWY
path 1570	any n/a	naive 1	minpath 1	fam0 2	fam-found 2	name P4-PWY
path 1573	any n/a	naive 1	minpath 1	fam0 2	fam-found 1	name SER-GLYSYN-PWY
path 1574	any n/a	naive 1	minpath 1	fam0 4	fam-found 4	name VALSYN-PWY
path 1580	any n/a	naive 1	minpath 1	fam0 3	fam-found 2	name ALANINE-VALINESYN-PWY
path 1582	any n/a	naive 1	minpath 1	fam0 2	fam-found 2	name HOMOSER-THRESYN-PWY
path 1584	any n/a	naive 1	minpath 1	fam0 4	fam-found 2	name PWY0-1061
path 1589	any n/a	naive 1	minpath 0	fam0 7	fam-found 2	name PWY-7807
path 1590	any n/a	naive 1	minpath 0	fam0 6	fam-found 1	name ILEUDEG-PWY
path 1592	any n/a	naive 1	minpath 0	fam0 8	fam-found 2	name GLYCOCAT-PWY
path 1595	any n/a	naive 1	minpath 0	fam0 6	fam-found 2	name PWY-5941
path 1599	any n/a	naive 1	minpath 1	fam0 4	fam-found 4	name PWY-7221
path 1600	any n/a	naive 1	minpath 1	fam0 3	fam-found 3	name PWY-7219
path 1601	any n/a	naive 1	minpath 1	fam0 6	fam-found 5	name PWY-7234
path 1602	any n/a	naive 1	minpath 1	fam0 6	fam-found 6	name PWY-6123
path 1607	any n/a	naive 1	minpath 1	fam0 10	fam-found 6	name HISTSYN-PWY
path 1608	any n/a	naive 1	minpath 1	fam0 13	fam-found 7	name GLUCONEO-PWY
path 1609	any n/a	naive 1	minpath 1	fam0 14	fam-found 7	name PWY-6142
